#-----------------------------------------------------------
# Vivado v2017.4 (64-bit)
# SW Build 2086221 on Fri Dec 15 20:55:39 MST 2017
# IP Build 2085800 on Fri Dec 15 22:25:07 MST 2017
# Start of session at: Tue Jul 13 19:56:54 2021
# Process ID: 6492
# Current directory: D:/GitCode/ImageProcessingofSketch
# Command line: vivado.exe -gui_launcher_event rodinguilauncherevent11324 D:\GitCode\ImageProcessingofSketch\ImageProcessing.xpr
# Log file: D:/GitCode/ImageProcessingofSketch/vivado.log
# Journal file: D:/GitCode/ImageProcessingofSketch\vivado.jou
#-----------------------------------------------------------
start_gui
open_project D:/GitCode/ImageProcessingofSketch/ImageProcessing.xpr
Scanning sources...
Finished scanning sources
INFO: [IP_Flow 19-234] Refreshing IP repositories
INFO: [IP_Flow 19-1700] Loaded user IP repository 'd:/gitcode/imageprocessingofsketch'.
INFO: [IP_Flow 19-2313] Loaded Vivado IP repository 'C:/Xilinx/Vivado/2017.4/data/ip'.
open_project: Time (s): cpu = 00:00:14 ; elapsed = 00:00:09 . Memory (MB): peak = 739.484 ; gain = 25.734
update_compile_order -fileset sources_1
exit
INFO: [Common 17-206] Exiting Vivado at Tue Jul 13 19:59:24 2021...
