#-----------------------------------------------------------
# Vivado v2017.4 (64-bit)
# SW Build 2086221 on Fri Dec 15 20:55:39 MST 2017
# IP Build 2085800 on Fri Dec 15 22:25:07 MST 2017
# Start of session at: Sun Jun 13 21:31:51 2021
# Process ID: 5528
# Current directory: D:/GitCode/ImageProcessingofSketch
# Command line: vivado.exe -gui_launcher_event rodinguilauncherevent10712 D:\GitCode\ImageProcessingofSketch\ImageProcessing.xpr
# Log file: D:/GitCode/ImageProcessingofSketch/vivado.log
# Journal file: D:/GitCode/ImageProcessingofSketch\vivado.jou
#-----------------------------------------------------------
start_gui
open_project D:/GitCode/ImageProcessingofSketch/ImageProcessing.xpr
Scanning sources...
Finished scanning sources
INFO: [IP_Flow 19-234] Refreshing IP repositories
INFO: [IP_Flow 19-1700] Loaded user IP repository 'd:/gitcode/imageprocessingofsketch'.
INFO: [IP_Flow 19-2313] Loaded Vivado IP repository 'C:/Xilinx/Vivado/2017.4/data/ip'.
open_project: Time (s): cpu = 00:00:16 ; elapsed = 00:00:08 . Memory (MB): peak = 760.914 ; gain = 91.199
update_compile_order -fileset sources_1
ipx::open_ipxact_file {D:\gitcode\imageprocessingofsketch\component.xml}
WARNING: [IP_Flow 19-3833] Unreferenced file from the top module is not packaged: 'D:/GitCode/ImageProcessingofSketch/ImageProcessing.srcs/sources_1/new/conv.v'.
WARNING: [IP_Flow 19-3898] File Group 'xilinx_anylanguagesynthesis (Synthesis)': File 'ImageProcessing.srcs/sources_1/ip/outputBuffer/outputBuffer.xci' is not found in the project sources. It will be removed from the packaged IP when the sources are merged. If still required, please add this file to the project and re-package.
WARNING: [IP_Flow 19-3898] File Group 'xilinx_anylanguagebehavioralsimulation (Simulation)': File 'ImageProcessing.srcs/sources_1/ip/outputBuffer/outputBuffer.xci' is not found in the project sources. It will be removed from the packaged IP when the sources are merged. If still required, please add this file to the project and re-package.
ipx::merge_project_changes files [ipx::current_core]
WARNING: [IP_Flow 19-3833] Unreferenced file from the top module is not packaged: 'D:/GitCode/ImageProcessingofSketch/ImageProcessing.srcs/sources_1/new/conv.v'.
WARNING: [IP_Flow 19-4963] outputBuffer has board value specified. The packaged IP will be restricted to usage with board 'em.avnet.com:zed:part0:1.3'
set_property name SketchIP [ipx::current_core]
set_property name Sketch_IP [ipx::current_core]
set_property display_name Sketch_IP [ipx::current_core]
set_property description Sketch_IP [ipx::current_core]
set_property version 1.2 [ipx::current_core]
set_property core_revision 8 [ipx::current_core]
ipx::create_xgui_files [ipx::current_core]
ipx::update_checksums [ipx::current_core]
ipx::save_core [ipx::current_core]
update_ip_catalog -rebuild -repo_path d:/gitcode/imageprocessingofsketch
INFO: [IP_Flow 19-725] Reloaded user IP repository 'd:/gitcode/imageprocessingofsketch'
