Copyright 1986-2016 Xilinx, Inc. All Rights Reserved.
-------------------------------------------------------------------------------------------------------------------------------------------------------------------
| Tool Version     : Vivado v.2016.1 (win64) Build 1538259 Fri Apr  8 15:45:27 MDT 2016
| Date             : Wed May 26 16:03:46 2021
| Host             : DESKTOP-AC8B3K3 running 64-bit major release  (build 9200)
| Command          : report_power -file imageProcessTop_power_routed.rpt -pb imageProcessTop_power_summary_routed.pb -rpx imageProcessTop_power_routed.rpx
| Design           : imageProcessTop
| Device           : xc7z020clg484-1
| Design State     : routed
| Grade            : commercial
| Process          : typical
| Characterization : Production
-------------------------------------------------------------------------------------------------------------------------------------------------------------------

Power Report

Table of Contents
-----------------
1. Summary
1.1 On-Chip Components
1.2 Power Supply Summary
1.3 Confidence Level
2. Settings
2.1 Environment
2.2 Clock Constraints
3. Detailed Reports
3.1 By Hierarchy

1. Summary
----------

+--------------------------+-----------------------------------+
| Total On-Chip Power (W)  | 109.313 (Junction temp exceeded!) |
| Dynamic (W)              | 108.272                           |
| Device Static (W)        | 1.041                             |
| Effective TJA (C/W)      | 11.5                              |
| Max Ambient (C)          | 0.0                               |
| Junction Temperature (C) | 125.0                             |
| Confidence Level         | Low                               |
| Setting File             | ---                               |
| Simulation Activity File | ---                               |
| Design Nets Matched      | NA                                |
+--------------------------+-----------------------------------+


1.1 On-Chip Components
----------------------

+--------------------------+-----------+----------+-----------+-----------------+
| On-Chip                  | Power (W) | Used     | Available | Utilization (%) |
+--------------------------+-----------+----------+-----------+-----------------+
| Slice Logic              |    53.752 |     6135 |       --- |             --- |
|   LUT as Logic           |    48.215 |     3370 |     53200 |            6.33 |
|   CARRY4                 |     3.508 |      524 |     13300 |            3.94 |
|   LUT as Distributed RAM |     1.867 |     1152 |     17400 |            6.62 |
|   Register               |     0.131 |      267 |    106400 |            0.25 |
|   F7/F8 Muxes            |     0.025 |       74 |     53200 |            0.14 |
|   BUFG                   |     0.006 |        1 |        32 |            3.13 |
|   LUT as Shift Register  |    <0.001 |        1 |     17400 |           <0.01 |
|   Others                 |     0.000 |       22 |       --- |             --- |
| Signals                  |    53.963 |     4758 |       --- |             --- |
| Block RAM                |     0.023 |      0.5 |       140 |            0.36 |
| I/O                      |     0.534 |       23 |       200 |           11.50 |
| Static Power             |     1.041 |          |           |                 |
| Total                    |   109.313 |          |           |                 |
+--------------------------+-----------+----------+-----------+-----------------+


1.2 Power Supply Summary
------------------------

+-----------+-------------+-----------+-------------+------------+
| Source    | Voltage (V) | Total (A) | Dynamic (A) | Static (A) |
+-----------+-------------+-----------+-------------+------------+
| Vccint    |       1.000 |   108.077 |     107.778 |      0.299 |
| Vccaux    |       1.800 |     0.141 |       0.040 |      0.100 |
| Vcco33    |       3.300 |     0.000 |       0.000 |      0.000 |
| Vcco25    |       2.500 |     0.000 |       0.000 |      0.000 |
| Vcco18    |       1.800 |     0.235 |       0.234 |      0.001 |
| Vcco15    |       1.500 |     0.000 |       0.000 |      0.000 |
| Vcco135   |       1.350 |     0.000 |       0.000 |      0.000 |
| Vcco12    |       1.200 |     0.000 |       0.000 |      0.000 |
| Vccaux_io |       1.800 |     0.000 |       0.000 |      0.000 |
| Vccbram   |       1.000 |     0.028 |       0.001 |      0.027 |
| MGTAVcc   |       1.000 |     0.000 |       0.000 |      0.000 |
| MGTAVtt   |       1.200 |     0.000 |       0.000 |      0.000 |
| MGTVccaux |       1.800 |     0.000 |       0.000 |      0.000 |
| Vccpint   |       1.000 |     0.473 |       0.000 |      0.473 |
| Vccpaux   |       1.800 |     0.010 |       0.000 |      0.010 |
| Vccpll    |       1.800 |     0.003 |       0.000 |      0.003 |
| Vcco_ddr  |       1.500 |     0.000 |       0.000 |      0.000 |
| Vcco_mio0 |       1.800 |     0.000 |       0.000 |      0.000 |
| Vcco_mio1 |       1.800 |     0.000 |       0.000 |      0.000 |
| Vccadc    |       1.800 |     0.020 |       0.000 |      0.020 |
+-----------+-------------+-----------+-------------+------------+


1.3 Confidence Level
--------------------

+-----------------------------+------------+--------------------------------------------------------+--------------------------------------------------------------------------------------------------------------------+
| User Input Data             | Confidence | Details                                                | Action                                                                                                             |
+-----------------------------+------------+--------------------------------------------------------+--------------------------------------------------------------------------------------------------------------------+
| Design implementation state | High       | Design is routed                                       |                                                                                                                    |
| Clock nodes activity        | Low        | User specified less than 75% of clocks                 | Provide missing clock activity with a constraint file, simulation results or by editing the "By Clock Domain" view |
| I/O nodes activity          | Low        | More than 75% of inputs are missing user specification | Provide missing input activity with simulation results or by editing the "By Resource Type -> I/Os" view           |
| Internal nodes activity     | Medium     | User specified less than 25% of internal nodes         | Provide missing internal nodes activity with simulation results or by editing the "By Resource Type" views         |
| Device models               | High       | Device models are Production                           |                                                                                                                    |
|                             |            |                                                        |                                                                                                                    |
| Overall confidence level    | Low        |                                                        |                                                                                                                    |
+-----------------------------+------------+--------------------------------------------------------+--------------------------------------------------------------------------------------------------------------------+


2. Settings
-----------

2.1 Environment
---------------

+-----------------------+------------------------+
| Ambient Temp (C)      | 25.0                   |
| ThetaJA (C/W)         | 11.5                   |
| Airflow (LFM)         | 250                    |
| Heat Sink             | none                   |
| ThetaSA (C/W)         | 0.0                    |
| Board Selection       | medium (10"x10")       |
| # of Board Layers     | 8to11 (8 to 11 Layers) |
| Board Temperature (C) | 25.0                   |
+-----------------------+------------------------+


2.2 Clock Constraints
---------------------

+-------+--------+-----------------+
| Clock | Domain | Constraint (ns) |
+-------+--------+-----------------+


3. Detailed Reports
-------------------

3.1 By Hierarchy
----------------

+--------------------------------------------------------+-----------+
| Name                                                   | Power (W) |
+--------------------------------------------------------+-----------+
| imageProcessTop                                        |   108.272 |
|   IC                                                   |    38.876 |
|     lB0                                                |     8.505 |
|       line_reg_r1_0_63_0_2                             |     0.009 |
|       line_reg_r1_0_63_3_5                             |     0.009 |
|       line_reg_r1_0_63_6_6                             |     0.005 |
|       line_reg_r1_0_63_7_7                             |     0.005 |
|       line_reg_r1_128_191_0_2                          |     0.009 |
|       line_reg_r1_128_191_3_5                          |     0.009 |
|       line_reg_r1_128_191_6_6                          |     0.005 |
|       line_reg_r1_128_191_7_7                          |     0.005 |
|       line_reg_r1_192_255_0_2                          |     0.012 |
|       line_reg_r1_192_255_3_5                          |     0.009 |
|       line_reg_r1_192_255_6_6                          |     0.005 |
|       line_reg_r1_192_255_7_7                          |     0.005 |
|       line_reg_r1_256_319_0_2                          |     0.008 |
|       line_reg_r1_256_319_3_5                          |     0.010 |
|       line_reg_r1_256_319_6_6                          |     0.005 |
|       line_reg_r1_256_319_7_7                          |     0.005 |
|       line_reg_r1_320_383_0_2                          |     0.009 |
|       line_reg_r1_320_383_3_5                          |     0.009 |
|       line_reg_r1_320_383_6_6                          |     0.004 |
|       line_reg_r1_320_383_7_7                          |     0.005 |
|       line_reg_r1_384_447_0_2                          |     0.009 |
|       line_reg_r1_384_447_3_5                          |     0.009 |
|       line_reg_r1_384_447_6_6                          |     0.005 |
|       line_reg_r1_384_447_7_7                          |     0.005 |
|       line_reg_r1_448_511_0_2                          |     0.009 |
|       line_reg_r1_448_511_3_5                          |     0.010 |
|       line_reg_r1_448_511_6_6                          |     0.005 |
|       line_reg_r1_448_511_7_7                          |     0.006 |
|       line_reg_r1_64_127_0_2                           |     0.007 |
|       line_reg_r1_64_127_3_5                           |     0.010 |
|       line_reg_r1_64_127_6_6                           |     0.006 |
|       line_reg_r1_64_127_7_7                           |     0.005 |
|       line_reg_r2_0_63_0_2                             |     0.008 |
|       line_reg_r2_0_63_3_5                             |     0.008 |
|       line_reg_r2_0_63_6_6                             |     0.005 |
|       line_reg_r2_0_63_7_7                             |     0.005 |
|       line_reg_r2_128_191_0_2                          |     0.008 |
|       line_reg_r2_128_191_3_5                          |     0.009 |
|       line_reg_r2_128_191_6_6                          |     0.005 |
|       line_reg_r2_128_191_7_7                          |     0.004 |
|       line_reg_r2_192_255_0_2                          |     0.007 |
|       line_reg_r2_192_255_3_5                          |     0.008 |
|       line_reg_r2_192_255_6_6                          |     0.005 |
|       line_reg_r2_192_255_7_7                          |     0.005 |
|       line_reg_r2_256_319_0_2                          |     0.007 |
|       line_reg_r2_256_319_3_5                          |     0.008 |
|       line_reg_r2_256_319_6_6                          |     0.004 |
|       line_reg_r2_256_319_7_7                          |     0.004 |
|       line_reg_r2_320_383_0_2                          |     0.009 |
|       line_reg_r2_320_383_3_5                          |     0.009 |
|       line_reg_r2_320_383_6_6                          |     0.005 |
|       line_reg_r2_320_383_7_7                          |     0.004 |
|       line_reg_r2_384_447_0_2                          |     0.009 |
|       line_reg_r2_384_447_3_5                          |     0.009 |
|       line_reg_r2_384_447_6_6                          |     0.005 |
|       line_reg_r2_384_447_7_7                          |     0.004 |
|       line_reg_r2_448_511_0_2                          |     0.010 |
|       line_reg_r2_448_511_3_5                          |     0.010 |
|       line_reg_r2_448_511_6_6                          |     0.004 |
|       line_reg_r2_448_511_7_7                          |     0.005 |
|       line_reg_r2_64_127_0_2                           |     0.008 |
|       line_reg_r2_64_127_3_5                           |     0.008 |
|       line_reg_r2_64_127_6_6                           |     0.004 |
|       line_reg_r2_64_127_7_7                           |     0.004 |
|       line_reg_r3_0_63_0_2                             |     0.009 |
|       line_reg_r3_0_63_3_5                             |     0.007 |
|       line_reg_r3_0_63_6_6                             |     0.005 |
|       line_reg_r3_0_63_7_7                             |     0.005 |
|       line_reg_r3_128_191_0_2                          |     0.011 |
|       line_reg_r3_128_191_3_5                          |     0.008 |
|       line_reg_r3_128_191_6_6                          |     0.005 |
|       line_reg_r3_128_191_7_7                          |     0.005 |
|       line_reg_r3_192_255_0_2                          |     0.008 |
|       line_reg_r3_192_255_3_5                          |     0.010 |
|       line_reg_r3_192_255_6_6                          |     0.004 |
|       line_reg_r3_192_255_7_7                          |     0.005 |
|       line_reg_r3_256_319_0_2                          |     0.008 |
|       line_reg_r3_256_319_3_5                          |     0.010 |
|       line_reg_r3_256_319_6_6                          |     0.005 |
|       line_reg_r3_256_319_7_7                          |     0.005 |
|       line_reg_r3_320_383_0_2                          |     0.009 |
|       line_reg_r3_320_383_3_5                          |     0.009 |
|       line_reg_r3_320_383_6_6                          |     0.005 |
|       line_reg_r3_320_383_7_7                          |     0.006 |
|       line_reg_r3_384_447_0_2                          |     0.008 |
|       line_reg_r3_384_447_3_5                          |     0.008 |
|       line_reg_r3_384_447_6_6                          |     0.004 |
|       line_reg_r3_384_447_7_7                          |     0.005 |
|       line_reg_r3_448_511_0_2                          |     0.009 |
|       line_reg_r3_448_511_3_5                          |     0.008 |
|       line_reg_r3_448_511_6_6                          |     0.005 |
|       line_reg_r3_448_511_7_7                          |     0.005 |
|       line_reg_r3_64_127_0_2                           |     0.009 |
|       line_reg_r3_64_127_3_5                           |     0.009 |
|       line_reg_r3_64_127_6_6                           |     0.006 |
|       line_reg_r3_64_127_7_7                           |     0.006 |
|     lB1                                                |    13.163 |
|       line_reg_r1_0_63_0_2                             |     0.008 |
|       line_reg_r1_0_63_3_5                             |     0.010 |
|       line_reg_r1_0_63_6_6                             |     0.005 |
|       line_reg_r1_0_63_7_7                             |     0.005 |
|       line_reg_r1_128_191_0_2                          |     0.010 |
|       line_reg_r1_128_191_3_5                          |     0.010 |
|       line_reg_r1_128_191_6_6                          |     0.006 |
|       line_reg_r1_128_191_7_7                          |     0.006 |
|       line_reg_r1_192_255_0_2                          |     0.009 |
|       line_reg_r1_192_255_3_5                          |     0.009 |
|       line_reg_r1_192_255_6_6                          |     0.005 |
|       line_reg_r1_192_255_7_7                          |     0.004 |
|       line_reg_r1_256_319_0_2                          |     0.009 |
|       line_reg_r1_256_319_3_5                          |     0.010 |
|       line_reg_r1_256_319_6_6                          |     0.005 |
|       line_reg_r1_256_319_7_7                          |     0.005 |
|       line_reg_r1_320_383_0_2                          |     0.010 |
|       line_reg_r1_320_383_3_5                          |     0.009 |
|       line_reg_r1_320_383_6_6                          |     0.005 |
|       line_reg_r1_320_383_7_7                          |     0.005 |
|       line_reg_r1_384_447_0_2                          |     0.009 |
|       line_reg_r1_384_447_3_5                          |     0.010 |
|       line_reg_r1_384_447_6_6                          |     0.004 |
|       line_reg_r1_384_447_7_7                          |     0.005 |
|       line_reg_r1_448_511_0_2                          |     0.012 |
|       line_reg_r1_448_511_3_5                          |     0.011 |
|       line_reg_r1_448_511_6_6                          |     0.005 |
|       line_reg_r1_448_511_7_7                          |     0.005 |
|       line_reg_r1_64_127_0_2                           |     0.009 |
|       line_reg_r1_64_127_3_5                           |     0.011 |
|       line_reg_r1_64_127_6_6                           |     0.005 |
|       line_reg_r1_64_127_7_7                           |     0.005 |
|       line_reg_r2_0_63_0_2                             |     0.011 |
|       line_reg_r2_0_63_3_5                             |     0.008 |
|       line_reg_r2_0_63_6_6                             |     0.005 |
|       line_reg_r2_0_63_7_7                             |     0.004 |
|       line_reg_r2_128_191_0_2                          |     0.010 |
|       line_reg_r2_128_191_3_5                          |     0.008 |
|       line_reg_r2_128_191_6_6                          |     0.005 |
|       line_reg_r2_128_191_7_7                          |     0.004 |
|       line_reg_r2_192_255_0_2                          |     0.008 |
|       line_reg_r2_192_255_3_5                          |     0.007 |
|       line_reg_r2_192_255_6_6                          |     0.005 |
|       line_reg_r2_192_255_7_7                          |     0.005 |
|       line_reg_r2_256_319_0_2                          |     0.010 |
|       line_reg_r2_256_319_3_5                          |     0.008 |
|       line_reg_r2_256_319_6_6                          |     0.004 |
|       line_reg_r2_256_319_7_7                          |     0.004 |
|       line_reg_r2_320_383_0_2                          |     0.010 |
|       line_reg_r2_320_383_3_5                          |     0.008 |
|       line_reg_r2_320_383_6_6                          |     0.005 |
|       line_reg_r2_320_383_7_7                          |     0.005 |
|       line_reg_r2_384_447_0_2                          |     0.010 |
|       line_reg_r2_384_447_3_5                          |     0.010 |
|       line_reg_r2_384_447_6_6                          |     0.005 |
|       line_reg_r2_384_447_7_7                          |     0.005 |
|       line_reg_r2_448_511_0_2                          |     0.010 |
|       line_reg_r2_448_511_3_5                          |     0.008 |
|       line_reg_r2_448_511_6_6                          |     0.005 |
|       line_reg_r2_448_511_7_7                          |     0.004 |
|       line_reg_r2_64_127_0_2                           |     0.008 |
|       line_reg_r2_64_127_3_5                           |     0.009 |
|       line_reg_r2_64_127_6_6                           |     0.005 |
|       line_reg_r2_64_127_7_7                           |     0.005 |
|       line_reg_r3_0_63_0_2                             |     0.008 |
|       line_reg_r3_0_63_3_5                             |     0.010 |
|       line_reg_r3_0_63_6_6                             |     0.006 |
|       line_reg_r3_0_63_7_7                             |     0.006 |
|       line_reg_r3_128_191_0_2                          |     0.010 |
|       line_reg_r3_128_191_3_5                          |     0.008 |
|       line_reg_r3_128_191_6_6                          |     0.004 |
|       line_reg_r3_128_191_7_7                          |     0.004 |
|       line_reg_r3_192_255_0_2                          |     0.010 |
|       line_reg_r3_192_255_3_5                          |     0.007 |
|       line_reg_r3_192_255_6_6                          |     0.005 |
|       line_reg_r3_192_255_7_7                          |     0.005 |
|       line_reg_r3_256_319_0_2                          |     0.011 |
|       line_reg_r3_256_319_3_5                          |     0.009 |
|       line_reg_r3_256_319_6_6                          |     0.005 |
|       line_reg_r3_256_319_7_7                          |     0.005 |
|       line_reg_r3_320_383_0_2                          |     0.007 |
|       line_reg_r3_320_383_3_5                          |     0.009 |
|       line_reg_r3_320_383_6_6                          |     0.005 |
|       line_reg_r3_320_383_7_7                          |     0.005 |
|       line_reg_r3_384_447_0_2                          |     0.009 |
|       line_reg_r3_384_447_3_5                          |     0.008 |
|       line_reg_r3_384_447_6_6                          |     0.004 |
|       line_reg_r3_384_447_7_7                          |     0.004 |
|       line_reg_r3_448_511_0_2                          |     0.009 |
|       line_reg_r3_448_511_3_5                          |     0.008 |
|       line_reg_r3_448_511_6_6                          |     0.004 |
|       line_reg_r3_448_511_7_7                          |     0.004 |
|       line_reg_r3_64_127_0_2                           |     0.009 |
|       line_reg_r3_64_127_3_5                           |     0.008 |
|       line_reg_r3_64_127_6_6                           |     0.005 |
|       line_reg_r3_64_127_7_7                           |     0.005 |
|     lB2                                                |    13.781 |
|       line_reg_r1_0_63_0_2                             |     0.009 |
|       line_reg_r1_0_63_3_5                             |     0.010 |
|       line_reg_r1_0_63_6_6                             |     0.005 |
|       line_reg_r1_0_63_7_7                             |     0.005 |
|       line_reg_r1_128_191_0_2                          |     0.008 |
|       line_reg_r1_128_191_3_5                          |     0.010 |
|       line_reg_r1_128_191_6_6                          |     0.007 |
|       line_reg_r1_128_191_7_7                          |     0.007 |
|       line_reg_r1_192_255_0_2                          |     0.012 |
|       line_reg_r1_192_255_3_5                          |     0.011 |
|       line_reg_r1_192_255_6_6                          |     0.005 |
|       line_reg_r1_192_255_7_7                          |     0.006 |
|       line_reg_r1_256_319_0_2                          |     0.008 |
|       line_reg_r1_256_319_3_5                          |     0.012 |
|       line_reg_r1_256_319_6_6                          |     0.005 |
|       line_reg_r1_256_319_7_7                          |     0.005 |
|       line_reg_r1_320_383_0_2                          |     0.009 |
|       line_reg_r1_320_383_3_5                          |     0.010 |
|       line_reg_r1_320_383_6_6                          |     0.007 |
|       line_reg_r1_320_383_7_7                          |     0.007 |
|       line_reg_r1_384_447_0_2                          |     0.009 |
|       line_reg_r1_384_447_3_5                          |     0.011 |
|       line_reg_r1_384_447_6_6                          |     0.004 |
|       line_reg_r1_384_447_7_7                          |     0.004 |
|       line_reg_r1_448_511_0_2                          |     0.010 |
|       line_reg_r1_448_511_3_5                          |     0.010 |
|       line_reg_r1_448_511_6_6                          |     0.004 |
|       line_reg_r1_448_511_7_7                          |     0.004 |
|       line_reg_r1_64_127_0_2                           |     0.010 |
|       line_reg_r1_64_127_3_5                           |     0.009 |
|       line_reg_r1_64_127_6_6                           |     0.005 |
|       line_reg_r1_64_127_7_7                           |     0.005 |
|       line_reg_r2_0_63_0_2                             |     0.007 |
|       line_reg_r2_0_63_3_5                             |     0.009 |
|       line_reg_r2_0_63_6_6                             |     0.006 |
|       line_reg_r2_0_63_7_7                             |     0.006 |
|       line_reg_r2_128_191_0_2                          |     0.008 |
|       line_reg_r2_128_191_3_5                          |     0.010 |
|       line_reg_r2_128_191_6_6                          |     0.006 |
|       line_reg_r2_128_191_7_7                          |     0.006 |
|       line_reg_r2_192_255_0_2                          |     0.010 |
|       line_reg_r2_192_255_3_5                          |     0.010 |
|       line_reg_r2_192_255_6_6                          |     0.006 |
|       line_reg_r2_192_255_7_7                          |     0.005 |
|       line_reg_r2_256_319_0_2                          |     0.010 |
|       line_reg_r2_256_319_3_5                          |     0.008 |
|       line_reg_r2_256_319_6_6                          |     0.005 |
|       line_reg_r2_256_319_7_7                          |     0.005 |
|       line_reg_r2_320_383_0_2                          |     0.009 |
|       line_reg_r2_320_383_3_5                          |     0.010 |
|       line_reg_r2_320_383_6_6                          |     0.006 |
|       line_reg_r2_320_383_7_7                          |     0.005 |
|       line_reg_r2_384_447_0_2                          |     0.010 |
|       line_reg_r2_384_447_3_5                          |     0.011 |
|       line_reg_r2_384_447_6_6                          |     0.006 |
|       line_reg_r2_384_447_7_7                          |     0.005 |
|       line_reg_r2_448_511_0_2                          |     0.009 |
|       line_reg_r2_448_511_3_5                          |     0.013 |
|       line_reg_r2_448_511_6_6                          |     0.006 |
|       line_reg_r2_448_511_7_7                          |     0.006 |
|       line_reg_r2_64_127_0_2                           |     0.009 |
|       line_reg_r2_64_127_3_5                           |     0.010 |
|       line_reg_r2_64_127_6_6                           |     0.005 |
|       line_reg_r2_64_127_7_7                           |     0.005 |
|       line_reg_r3_0_63_0_2                             |     0.010 |
|       line_reg_r3_0_63_3_5                             |     0.008 |
|       line_reg_r3_0_63_6_6                             |     0.006 |
|       line_reg_r3_0_63_7_7                             |     0.006 |
|       line_reg_r3_128_191_0_2                          |     0.008 |
|       line_reg_r3_128_191_3_5                          |     0.010 |
|       line_reg_r3_128_191_6_6                          |     0.005 |
|       line_reg_r3_128_191_7_7                          |     0.005 |
|       line_reg_r3_192_255_0_2                          |     0.010 |
|       line_reg_r3_192_255_3_5                          |     0.011 |
|       line_reg_r3_192_255_6_6                          |     0.006 |
|       line_reg_r3_192_255_7_7                          |     0.006 |
|       line_reg_r3_256_319_0_2                          |     0.010 |
|       line_reg_r3_256_319_3_5                          |     0.010 |
|       line_reg_r3_256_319_6_6                          |     0.006 |
|       line_reg_r3_256_319_7_7                          |     0.006 |
|       line_reg_r3_320_383_0_2                          |     0.010 |
|       line_reg_r3_320_383_3_5                          |     0.010 |
|       line_reg_r3_320_383_6_6                          |     0.005 |
|       line_reg_r3_320_383_7_7                          |     0.006 |
|       line_reg_r3_384_447_0_2                          |     0.010 |
|       line_reg_r3_384_447_3_5                          |     0.009 |
|       line_reg_r3_384_447_6_6                          |     0.005 |
|       line_reg_r3_384_447_7_7                          |     0.005 |
|       line_reg_r3_448_511_0_2                          |     0.010 |
|       line_reg_r3_448_511_3_5                          |     0.010 |
|       line_reg_r3_448_511_6_6                          |     0.005 |
|       line_reg_r3_448_511_7_7                          |     0.005 |
|       line_reg_r3_64_127_0_2                           |     0.010 |
|       line_reg_r3_64_127_3_5                           |     0.009 |
|       line_reg_r3_64_127_6_6                           |     0.005 |
|       line_reg_r3_64_127_7_7                           |     0.005 |
|     lB3                                                |     3.187 |
|       line_reg_r1_0_63_0_2                             |     0.009 |
|       line_reg_r1_0_63_3_5                             |     0.009 |
|       line_reg_r1_0_63_6_6                             |     0.005 |
|       line_reg_r1_0_63_7_7                             |     0.005 |
|       line_reg_r1_128_191_0_2                          |     0.009 |
|       line_reg_r1_128_191_3_5                          |     0.009 |
|       line_reg_r1_128_191_6_6                          |     0.005 |
|       line_reg_r1_128_191_7_7                          |     0.005 |
|       line_reg_r1_192_255_0_2                          |     0.009 |
|       line_reg_r1_192_255_3_5                          |     0.008 |
|       line_reg_r1_192_255_6_6                          |     0.005 |
|       line_reg_r1_192_255_7_7                          |     0.005 |
|       line_reg_r1_256_319_0_2                          |     0.009 |
|       line_reg_r1_256_319_3_5                          |     0.010 |
|       line_reg_r1_256_319_6_6                          |     0.004 |
|       line_reg_r1_256_319_7_7                          |     0.005 |
|       line_reg_r1_320_383_0_2                          |     0.010 |
|       line_reg_r1_320_383_3_5                          |     0.010 |
|       line_reg_r1_320_383_6_6                          |     0.005 |
|       line_reg_r1_320_383_7_7                          |     0.005 |
|       line_reg_r1_384_447_0_2                          |     0.008 |
|       line_reg_r1_384_447_3_5                          |     0.009 |
|       line_reg_r1_384_447_6_6                          |     0.005 |
|       line_reg_r1_384_447_7_7                          |     0.005 |
|       line_reg_r1_448_511_0_2                          |     0.008 |
|       line_reg_r1_448_511_3_5                          |     0.009 |
|       line_reg_r1_448_511_6_6                          |     0.005 |
|       line_reg_r1_448_511_7_7                          |     0.005 |
|       line_reg_r1_64_127_0_2                           |     0.008 |
|       line_reg_r1_64_127_3_5                           |     0.008 |
|       line_reg_r1_64_127_6_6                           |     0.004 |
|       line_reg_r1_64_127_7_7                           |     0.004 |
|       line_reg_r2_0_63_0_2                             |     0.008 |
|       line_reg_r2_0_63_3_5                             |     0.009 |
|       line_reg_r2_0_63_6_6                             |     0.005 |
|       line_reg_r2_0_63_7_7                             |     0.005 |
|       line_reg_r2_128_191_0_2                          |     0.011 |
|       line_reg_r2_128_191_3_5                          |     0.008 |
|       line_reg_r2_128_191_6_6                          |     0.004 |
|       line_reg_r2_128_191_7_7                          |     0.004 |
|       line_reg_r2_192_255_0_2                          |     0.010 |
|       line_reg_r2_192_255_3_5                          |     0.008 |
|       line_reg_r2_192_255_6_6                          |     0.005 |
|       line_reg_r2_192_255_7_7                          |     0.004 |
|       line_reg_r2_256_319_0_2                          |     0.009 |
|       line_reg_r2_256_319_3_5                          |     0.009 |
|       line_reg_r2_256_319_6_6                          |     0.004 |
|       line_reg_r2_256_319_7_7                          |     0.004 |
|       line_reg_r2_320_383_0_2                          |     0.010 |
|       line_reg_r2_320_383_3_5                          |     0.009 |
|       line_reg_r2_320_383_6_6                          |     0.005 |
|       line_reg_r2_320_383_7_7                          |     0.005 |
|       line_reg_r2_384_447_0_2                          |     0.010 |
|       line_reg_r2_384_447_3_5                          |     0.010 |
|       line_reg_r2_384_447_6_6                          |     0.005 |
|       line_reg_r2_384_447_7_7                          |     0.005 |
|       line_reg_r2_448_511_0_2                          |     0.009 |
|       line_reg_r2_448_511_3_5                          |     0.008 |
|       line_reg_r2_448_511_6_6                          |     0.005 |
|       line_reg_r2_448_511_7_7                          |     0.004 |
|       line_reg_r2_64_127_0_2                           |     0.009 |
|       line_reg_r2_64_127_3_5                           |     0.009 |
|       line_reg_r2_64_127_6_6                           |     0.005 |
|       line_reg_r2_64_127_7_7                           |     0.004 |
|       line_reg_r3_0_63_0_2                             |     0.008 |
|       line_reg_r3_0_63_3_5                             |     0.008 |
|       line_reg_r3_0_63_6_6                             |     0.005 |
|       line_reg_r3_0_63_7_7                             |     0.005 |
|       line_reg_r3_128_191_0_2                          |     0.009 |
|       line_reg_r3_128_191_3_5                          |     0.008 |
|       line_reg_r3_128_191_6_6                          |     0.005 |
|       line_reg_r3_128_191_7_7                          |     0.005 |
|       line_reg_r3_192_255_0_2                          |     0.009 |
|       line_reg_r3_192_255_3_5                          |     0.008 |
|       line_reg_r3_192_255_6_6                          |     0.005 |
|       line_reg_r3_192_255_7_7                          |     0.004 |
|       line_reg_r3_256_319_0_2                          |     0.008 |
|       line_reg_r3_256_319_3_5                          |     0.007 |
|       line_reg_r3_256_319_6_6                          |     0.005 |
|       line_reg_r3_256_319_7_7                          |     0.004 |
|       line_reg_r3_320_383_0_2                          |     0.007 |
|       line_reg_r3_320_383_3_5                          |     0.008 |
|       line_reg_r3_320_383_6_6                          |     0.004 |
|       line_reg_r3_320_383_7_7                          |     0.004 |
|       line_reg_r3_384_447_0_2                          |     0.007 |
|       line_reg_r3_384_447_3_5                          |     0.008 |
|       line_reg_r3_384_447_6_6                          |     0.005 |
|       line_reg_r3_384_447_7_7                          |     0.005 |
|       line_reg_r3_448_511_0_2                          |     0.008 |
|       line_reg_r3_448_511_3_5                          |     0.009 |
|       line_reg_r3_448_511_6_6                          |     0.005 |
|       line_reg_r3_448_511_7_7                          |     0.006 |
|       line_reg_r3_64_127_0_2                           |     0.010 |
|       line_reg_r3_64_127_3_5                           |     0.010 |
|       line_reg_r3_64_127_6_6                           |     0.005 |
|       line_reg_r3_64_127_7_7                           |     0.004 |
|   OB                                                   |     0.197 |
|     U0                                                 |     0.197 |
|       inst_fifo_gen                                    |     0.197 |
|         gaxis_fifo.gaxisf.axisf                        |     0.197 |
|           grf.rf                                       |     0.197 |
|             gntv_or_sync_fifo.gl0.rd                   |     0.058 |
|               gr1.gr1_int.rfwft                        |     0.009 |
|               grss.rsts                                |    <0.001 |
|               rpntr                                    |     0.049 |
|             gntv_or_sync_fifo.gl0.wr                   |     0.090 |
|               gwss.gpf.wrpf                            |     0.020 |
|               gwss.wsts                                |     0.014 |
|               wpntr                                    |     0.056 |
|             gntv_or_sync_fifo.mem                      |     0.046 |
|               gbm.gbmg.gbmga.ngecc.bmg                 |     0.034 |
|                 inst_blk_mem_gen                       |     0.034 |
|                   gnbram.gnativebmg.native_blk_mem_gen |     0.034 |
|                     valid.cstr                         |     0.034 |
|                       ramloop[0].ram.r                 |     0.034 |
|                         prim_noinit.ram                |     0.034 |
|             rstblk                                     |     0.002 |
|   conv1                                                |    67.817 |
+--------------------------------------------------------+-----------+


